[www.photopea.com/index.html]
[backblue.gif]
[fade.gif]
[index.html]
[www.photopea.com/promo/screens/scr5.png]
[www.photopea.com/promo/icon512.png]
[www.photopea.com/promo/thumb256.png]
[www.photopea.com/manifest.json]
[www.photopea.com/style/all.css]
[apis.google.com/js/client.js]
[fonts.googleapis.com/css069f.css]
[www.photopea.com/ads.js]
[www.photopea.com/code/DBS.js]
[www.photopea.com/index.html]
[www.google-analytics.com/analytics.js]
[www.photopea.com/code/external/ext.js]
[www.photopea.com/style/all.css]
[fonts.googleapis.com/css069f.css]
[www.photopea.com/code/pp.js]
[www.photopea.com/rsrc/fonts/fonts.png]
